C:\Users\Juliano\source\repos\WebApplication2\WebApplication2\wwwroot\dist\out-tsc\app\categorias\categorias.component.js
C:\Users\Juliano\source\repos\WebApplication2\WebApplication2\wwwroot\dist\out-tsc\app\categorias\categorias.component.js.map
C:\Users\Juliano\source\repos\WebApplication2\WebApplication2\wwwroot\dist\out-tsc\app\produtos\produtos.component.js
C:\Users\Juliano\source\repos\WebApplication2\WebApplication2\wwwroot\dist\out-tsc\app\produtos\produtos.component.js.map
C:\Users\Juliano\source\repos\WebApplication2\WebApplication2\wwwroot\dist\out-tsc\app\usuarios\usuarios.component.js
C:\Users\Juliano\source\repos\WebApplication2\WebApplication2\wwwroot\dist\out-tsc\app\usuarios\usuarios.component.js.map
C:\Users\Juliano\source\repos\WebApplication2\WebApplication2\wwwroot\dist\out-tsc\app\vendas\vendas.component.js
C:\Users\Juliano\source\repos\WebApplication2\WebApplication2\wwwroot\dist\out-tsc\app\vendas\vendas.component.js.map
C:\Users\Juliano\source\repos\WebApplication2\WebApplication2\wwwroot\dist\out-tsc\app\app-routing.module.js
C:\Users\Juliano\source\repos\WebApplication2\WebApplication2\wwwroot\dist\out-tsc\app\app-routing.module.js.map
C:\Users\Juliano\source\repos\WebApplication2\WebApplication2\wwwroot\dist\out-tsc\app\app.component.js
C:\Users\Juliano\source\repos\WebApplication2\WebApplication2\wwwroot\dist\out-tsc\app\app.component.js.map
C:\Users\Juliano\source\repos\WebApplication2\WebApplication2\wwwroot\dist\out-tsc\app\home\home.component.js
C:\Users\Juliano\source\repos\WebApplication2\WebApplication2\wwwroot\dist\out-tsc\app\home\home.component.js.map
C:\Users\Juliano\source\repos\WebApplication2\WebApplication2\wwwroot\dist\out-tsc\app\app.module.js
C:\Users\Juliano\source\repos\WebApplication2\WebApplication2\wwwroot\dist\out-tsc\app\app.module.js.map
C:\Users\Juliano\source\repos\WebApplication2\WebApplication2\wwwroot\dist\out-tsc\environments\environment.js
C:\Users\Juliano\source\repos\WebApplication2\WebApplication2\wwwroot\dist\out-tsc\environments\environment.js.map
C:\Users\Juliano\source\repos\WebApplication2\WebApplication2\wwwroot\dist\out-tsc\main.js
C:\Users\Juliano\source\repos\WebApplication2\WebApplication2\wwwroot\dist\out-tsc\main.js.map
C:\Users\Juliano\source\repos\WebApplication2\WebApplication2\wwwroot\dist\out-tsc\polyfills.js
C:\Users\Juliano\source\repos\WebApplication2\WebApplication2\wwwroot\dist\out-tsc\polyfills.js.map
C:\Users\Juliano\source\repos\WebApplication2\WebApplication2\wwwroot\dist\out-tsc\test.js
C:\Users\Juliano\source\repos\WebApplication2\WebApplication2\wwwroot\dist\out-tsc\test.js.map
C:\Users\Juliano\source\repos\WebApplication2\WebApplication2\wwwroot\dist\out-tsc\app\app.component.spec.js
C:\Users\Juliano\source\repos\WebApplication2\WebApplication2\wwwroot\dist\out-tsc\app\app.component.spec.js.map
C:\Users\Juliano\source\repos\WebApplication2\WebApplication2\wwwroot\dist\out-tsc\environments\environment.prod.js
C:\Users\Juliano\source\repos\WebApplication2\WebApplication2\wwwroot\dist\out-tsc\environments\environment.prod.js.map
C:\Users\Juliano\source\repos\WebApplication2\WebApplication2\wwwroot\dist\out-tsc\app\categorias\categorias.component.spec.js
C:\Users\Juliano\source\repos\WebApplication2\WebApplication2\wwwroot\dist\out-tsc\app\categorias\categorias.component.spec.js.map
C:\Users\Juliano\source\repos\WebApplication2\WebApplication2\wwwroot\dist\out-tsc\app\home\home.component.spec.js
C:\Users\Juliano\source\repos\WebApplication2\WebApplication2\wwwroot\dist\out-tsc\app\home\home.component.spec.js.map
C:\Users\Juliano\source\repos\WebApplication2\WebApplication2\wwwroot\dist\out-tsc\app\produtos\produtos.component.spec.js
C:\Users\Juliano\source\repos\WebApplication2\WebApplication2\wwwroot\dist\out-tsc\app\produtos\produtos.component.spec.js.map
C:\Users\Juliano\source\repos\WebApplication2\WebApplication2\wwwroot\dist\out-tsc\app\usuarios\usuarios.component.spec.js
C:\Users\Juliano\source\repos\WebApplication2\WebApplication2\wwwroot\dist\out-tsc\app\usuarios\usuarios.component.spec.js.map
C:\Users\Juliano\source\repos\WebApplication2\WebApplication2\wwwroot\dist\out-tsc\app\vendas\vendas.component.spec.js
C:\Users\Juliano\source\repos\WebApplication2\WebApplication2\wwwroot\dist\out-tsc\app\vendas\vendas.component.spec.js.map
